++ dirname /proj_soc/user_dev/gczajkowski/ripgrepTT/tt/build-variant-lto-pgo-mimalloc-pcre2-static.sh
+ source /proj_soc/user_dev/gczajkowski/ripgrepTT/tt/build-lib.sh
++ [[ /proj_soc/user_dev/gczajkowski/ripgrepTT/tt/build-lib.sh == \/\p\r\o\j\_\s\o\c\/\u\s\e\r\_\d\e\v\/\g\c\z\a\j\k\o\w\s\k\i\/\r\i\p\g\r\e\p\T\T\/\t\t\/\b\u\i\l\d\-\v\a\r\i\a\n\t\-\l\t\o\-\p\g\o\-\m\i\m\a\l\l\o\c\-\p\c\r\e\2\-\s\t\a\t\i\c\.\s\h ]]
++ set -euox pipefail
++ export 'BUILD_GREEN=\033[0;32m'
++ BUILD_GREEN='\033[0;32m'
++ export 'BUILD_YELLOW=\033[1;33m'
++ BUILD_YELLOW='\033[1;33m'
++ export 'BUILD_BLUE=\033[0;34m'
++ BUILD_BLUE='\033[0;34m'
++ export 'BUILD_RED=\033[0;31m'
++ BUILD_RED='\033[0;31m'
++ export 'BUILD_NC=\033[0m'
++ BUILD_NC='\033[0m'
++++ dirname /proj_soc/user_dev/gczajkowski/ripgrepTT/tt/build-lib.sh
+++ cd /proj_soc/user_dev/gczajkowski/ripgrepTT/tt/..
+++ pwd
++ export BUILD_RIPGREP_ROOT=/proj_soc/user_dev/gczajkowski/ripgrepTT
++ BUILD_RIPGREP_ROOT=/proj_soc/user_dev/gczajkowski/ripgrepTT
++ [[ -z /proj_soc/user_dev/gczajkowski/bin ]]
++ export BUILD_INSTALL_DIR
++ export SCRATCH_DIR=/localdev/gczajkowski/TMPDIR
++ SCRATCH_DIR=/localdev/gczajkowski/TMPDIR
++ export BUILD_MUSL_DIR=/localdev/gczajkowski/TMPDIR/x86_64-linux-musl-cross
++ BUILD_MUSL_DIR=/localdev/gczajkowski/TMPDIR/x86_64-linux-musl-cross
++ export BUILD_FEATURES=pcre2
++ BUILD_FEATURES=pcre2
++ export 'BUILD_BASE_RUSTFLAGS=-C link-arg=-fno-stack-protector -C link-arg=-U_FORTIFY_SOURCE'
++ BUILD_BASE_RUSTFLAGS='-C link-arg=-fno-stack-protector -C link-arg=-U_FORTIFY_SOURCE'
++ mkdir -p /localdev/gczajkowski/TMPDIR
++ export BUILD_VARIANT_SCRATCH=
++ BUILD_VARIANT_SCRATCH=
++ export BUILD_PGO_DATA_DIR=
++ BUILD_PGO_DATA_DIR=
++ export BUILD_JEMALLOC_ROOT=/tools_soc/opensrc/jemalloc/5.3.0
++ BUILD_JEMALLOC_ROOT=/tools_soc/opensrc/jemalloc/5.3.0
++ export BUILD_JEMALLOC_LIB=/tools_soc/opensrc/jemalloc/5.3.0/lib
++ BUILD_JEMALLOC_LIB=/tools_soc/opensrc/jemalloc/5.3.0/lib
++ export BUILD_JEMALLOC_INCLUDE=/tools_soc/opensrc/jemalloc/5.3.0/include
++ BUILD_JEMALLOC_INCLUDE=/tools_soc/opensrc/jemalloc/5.3.0/include
++ export BUILD_MIMALLOC_ROOT=/tools_soc/opensrc/mimalloc/2.1.7
++ BUILD_MIMALLOC_ROOT=/tools_soc/opensrc/mimalloc/2.1.7
++ export BUILD_MIMALLOC_LIB=/tools_soc/opensrc/mimalloc/2.1.7/lib64
++ BUILD_MIMALLOC_LIB=/tools_soc/opensrc/mimalloc/2.1.7/lib64
++ export BUILD_MIMALLOC_INCLUDE=/tools_soc/opensrc/mimalloc/2.1.7/include
++ BUILD_MIMALLOC_INCLUDE=/tools_soc/opensrc/mimalloc/2.1.7/include
++ export BUILD_PCRE2_ROOT=/tools_soc/opensrc/pcre2/stable
++ BUILD_PCRE2_ROOT=/tools_soc/opensrc/pcre2/stable
++ export BUILD_PCRE2_LIB=/tools_soc/opensrc/pcre2/stable/lib
++ BUILD_PCRE2_LIB=/tools_soc/opensrc/pcre2/stable/lib
++ export BUILD_PCRE2_INCLUDE=/tools_soc/opensrc/pcre2/stable/include
++ BUILD_PCRE2_INCLUDE=/tools_soc/opensrc/pcre2/stable/include
+ VARIANT_NAME=lto-pgo-mimalloc-pcre2-static
+ DESCRIPTION='LTO + PGO + mimalloc (static PCRE2, dynamic glibc)'
+ BUILD_TYPE=pgo
+ TARGET=x86_64-unknown-linux-gnu
+ PROFILE=release-lto
+ RUSTFLAGS=
+ FEATURES=pcre2
+ build_variant lto-pgo-mimalloc-pcre2-static 'LTO + PGO + mimalloc (static PCRE2, dynamic glibc)' pgo x86_64-unknown-linux-gnu release-lto '' pcre2
+ local variant_name=lto-pgo-mimalloc-pcre2-static
+ local 'description=LTO + PGO + mimalloc (static PCRE2, dynamic glibc)'
+ local build_type=pgo
+ local target=x86_64-unknown-linux-gnu
+ local profile=release-lto
+ local rustflags=
+ local features=pcre2
+ export BUILD_VARIANT_SCRATCH=/localdev/gczajkowski/TMPDIR/build-lto-pgo-mimalloc-pcre2-static
+ BUILD_VARIANT_SCRATCH=/localdev/gczajkowski/TMPDIR/build-lto-pgo-mimalloc-pcre2-static
+ export BUILD_PGO_DATA_DIR=/localdev/gczajkowski/TMPDIR/build-lto-pgo-mimalloc-pcre2-static/pgo-data
+ BUILD_PGO_DATA_DIR=/localdev/gczajkowski/TMPDIR/build-lto-pgo-mimalloc-pcre2-static/pgo-data
+ export CARGO_TARGET_DIR=/localdev/gczajkowski/TMPDIR/build-lto-pgo-mimalloc-pcre2-static/target
+ CARGO_TARGET_DIR=/localdev/gczajkowski/TMPDIR/build-lto-pgo-mimalloc-pcre2-static/target
+ [[ -d /localdev/gczajkowski/TMPDIR/build-lto-pgo-mimalloc-pcre2-static ]]
+ mkdir -p /localdev/gczajkowski/TMPDIR/build-lto-pgo-mimalloc-pcre2-static
+ print_build_header lto-pgo-mimalloc-pcre2-static 'LTO + PGO + mimalloc (static PCRE2, dynamic glibc)'
+ local variant_name=lto-pgo-mimalloc-pcre2-static
+ local 'description=LTO + PGO + mimalloc (static PCRE2, dynamic glibc)'
+ echo -e '\033[1;33m━━━━━━━━━━━━━━━━━━━━━━━━━━━━━━━━━━━━━━━━━━━━━━━━━━━━━━━━━━\033[0m'
[1;33m━━━━━━━━━━━━━━━━━━━━━━━━━━━━━━━━━━━━━━━━━━━━━━━━━━━━━━━━━━[0m
+ echo -e '\033[0;34mBuilding: rg-lto-pgo-mimalloc-pcre2-static\033[0m'
[0;34mBuilding: rg-lto-pgo-mimalloc-pcre2-static[0m
+ [[ -n LTO + PGO + mimalloc (static PCRE2, dynamic glibc) ]]
+ echo -e '\033[0;34mDescription: LTO + PGO + mimalloc (static PCRE2, dynamic glibc)\033[0m'
[0;34mDescription: LTO + PGO + mimalloc (static PCRE2, dynamic glibc)[0m
+ echo -e '\033[1;33m━━━━━━━━━━━━━━━━━━━━━━━━━━━━━━━━━━━━━━━━━━━━━━━━━━━━━━━━━━\033[0m'
[1;33m━━━━━━━━━━━━━━━━━━━━━━━━━━━━━━━━━━━━━━━━━━━━━━━━━━━━━━━━━━[0m
+ echo ''

+ [[ -n /proj_soc/user_dev/gczajkowski/ripgrepTT/tt/build-logs/lto-pgo-mimalloc-pcre2-static/build-20260216-131504 ]]
+ print_build_environment
+ echo 'Pre-build environment: /proj_soc/user_dev/gczajkowski/ripgrepTT/tt/build-logs/lto-pgo-mimalloc-pcre2-static/build-20260216-131504.preenv'
Pre-build environment: /proj_soc/user_dev/gczajkowski/ripgrepTT/tt/build-logs/lto-pgo-mimalloc-pcre2-static/build-20260216-131504.preenv
+ local result=0
+ [[ pgo == \s\i\m\p\l\e ]]
+ [[ pgo == \p\g\o ]]
+ build_pgo lto-pgo-mimalloc-pcre2-static x86_64-unknown-linux-gnu release-lto '' pcre2
+ local variant_name=lto-pgo-mimalloc-pcre2-static
+ local target=x86_64-unknown-linux-gnu
+ local profile=release-lto
+ local extra_rustflags=
+ local features=pcre2
+ cd /proj_soc/user_dev/gczajkowski/ripgrepTT
+ [[ x86_64-unknown-linux-gnu == *\m\u\s\l* ]]
+ setup_pcre2_env lto-pgo-mimalloc-pcre2-static
+ local variant_name=lto-pgo-mimalloc-pcre2-static
+ export PKG_CONFIG_PATH=/tools_soc/opensrc/pcre2/stable/lib/pkgconfig:/opt/rh/gcc-toolset-14/root/usr/lib64/pkgconfig:/opt/rh/gcc-toolset-14/root/usr/lib/pkgconfig
+ PKG_CONFIG_PATH=/tools_soc/opensrc/pcre2/stable/lib/pkgconfig:/opt/rh/gcc-toolset-14/root/usr/lib64/pkgconfig:/opt/rh/gcc-toolset-14/root/usr/lib/pkgconfig
+ export PCRE2_LIB_DIR=/tools_soc/opensrc/pcre2/stable/lib
+ PCRE2_LIB_DIR=/tools_soc/opensrc/pcre2/stable/lib
+ export PCRE2_INCLUDE_DIR=/tools_soc/opensrc/pcre2/stable/include
+ PCRE2_INCLUDE_DIR=/tools_soc/opensrc/pcre2/stable/include
+ [[ lto-pgo-mimalloc-pcre2-static == *\p\c\r\e\2\-\s\t\a\t\i\c* ]]
+ export PCRE2_SYS_STATIC=1
+ PCRE2_SYS_STATIC=1
++ date +%s
+ local build_start=1771265705
+ mkdir -p /localdev/gczajkowski/TMPDIR/build-lto-pgo-mimalloc-pcre2-static/pgo-data
+ rm -rf '/localdev/gczajkowski/TMPDIR/build-lto-pgo-mimalloc-pcre2-static/pgo-data/*'
+ echo 'Step 1/3: Building instrumented binary...'
Step 1/3: Building instrumented binary...
+ local 'inst_flags=-C link-arg=-fno-stack-protector -C link-arg=-U_FORTIFY_SOURCE -C profile-generate=/localdev/gczajkowski/TMPDIR/build-lto-pgo-mimalloc-pcre2-static/pgo-data'
+ [[ -n '' ]]
+ RUSTFLAGS='-C link-arg=-fno-stack-protector -C link-arg=-U_FORTIFY_SOURCE -C profile-generate=/localdev/gczajkowski/TMPDIR/build-lto-pgo-mimalloc-pcre2-static/pgo-data'
+ cargo build --target x86_64-unknown-linux-gnu --profile release-lto --features pcre2
   Compiling libc v0.2.177
   Compiling memchr v2.7.6
   Compiling regex-syntax v0.8.8
   Compiling log v0.4.28
   Compiling find-msvc-tools v0.1.4
   Compiling shlex v1.3.0
   Compiling pkg-config v0.3.32
   Compiling serde_core v1.0.228
   Compiling cfg-if v1.0.4
   Compiling crossbeam-utils v0.8.21
   Compiling serde v1.0.228
   Compiling serde_json v1.0.145
   Compiling ryu v1.0.20
   Compiling termcolor v1.4.1
   Compiling itoa v1.0.15
   Compiling same-file v1.0.6
   Compiling anyhow v1.0.100
   Compiling ripgrep v15.1.0 (/proj_soc/user_dev/gczajkowski/ripgrepTT)
   Compiling lexopt v0.3.1
   Compiling textwrap v0.16.2
   Compiling encoding_rs v0.8.35
   Compiling walkdir v2.5.0
   Compiling crossbeam-epoch v0.9.18
   Compiling aho-corasick v1.1.3
   Compiling grep-matcher v0.1.8 (/proj_soc/user_dev/gczajkowski/ripgrepTT/crates/matcher)
   Compiling crossbeam-deque v0.8.6
   Compiling memmap2 v0.9.9
   Compiling jobserver v0.1.34
   Compiling cc v1.2.41
   Compiling encoding_rs_io v0.1.7
   Compiling regex-automata v0.4.13
   Compiling bstr v1.12.0
   Compiling globset v0.4.18 (/proj_soc/user_dev/gczajkowski/ripgrepTT/crates/globset)
   Compiling grep-searcher v0.1.16 (/proj_soc/user_dev/gczajkowski/ripgrepTT/crates/searcher)
   Compiling grep-regex v0.1.14 (/proj_soc/user_dev/gczajkowski/ripgrepTT/crates/regex)
   Compiling grep-cli v0.1.12 (/proj_soc/user_dev/gczajkowski/ripgrepTT/crates/cli)
   Compiling ignore v0.4.25 (/proj_soc/user_dev/gczajkowski/ripgrepTT/crates/ignore)
   Compiling grep-printer v0.3.1 (/proj_soc/user_dev/gczajkowski/ripgrepTT/crates/printer)
   Compiling pcre2-sys v0.2.10
   Compiling pcre2 v0.2.11
   Compiling grep-pcre2 v0.1.9 (/proj_soc/user_dev/gczajkowski/ripgrepTT/crates/pcre2)
   Compiling grep v0.4.1 (/proj_soc/user_dev/gczajkowski/ripgrepTT/crates/grep)
    Finished `release-lto` profile [optimized] target(s) in 1m 20s
+ echo 'Step 2/3: Collecting profiling data...'
Step 2/3: Collecting profiling data...
+ local target_dir=/localdev/gczajkowski/TMPDIR/build-lto-pgo-mimalloc-pcre2-static/target
+ local inst_binary=/localdev/gczajkowski/TMPDIR/build-lto-pgo-mimalloc-pcre2-static/target/x86_64-unknown-linux-gnu/release-lto/rg
+ run_pgo_workloads /localdev/gczajkowski/TMPDIR/build-lto-pgo-mimalloc-pcre2-static/target/x86_64-unknown-linux-gnu/release-lto/rg
+ local binary_path=/localdev/gczajkowski/TMPDIR/build-lto-pgo-mimalloc-pcre2-static/target/x86_64-unknown-linux-gnu/release-lto/rg
+ cd /proj_soc/user_dev/gczajkowski/ripgrepTT
+ echo 'Running profiling workloads using ripgrep benchsuite patterns...'
Running profiling workloads using ripgrep benchsuite patterns...
+ /localdev/gczajkowski/TMPDIR/build-lto-pgo-mimalloc-pcre2-static/target/x86_64-unknown-linux-gnu/release-lto/rg 'fn ' crates/
+ /localdev/gczajkowski/TMPDIR/build-lto-pgo-mimalloc-pcre2-static/target/x86_64-unknown-linux-gnu/release-lto/rg 'struct ' crates/
+ /localdev/gczajkowski/TMPDIR/build-lto-pgo-mimalloc-pcre2-static/target/x86_64-unknown-linux-gnu/release-lto/rg 'impl ' crates/
+ /localdev/gczajkowski/TMPDIR/build-lto-pgo-mimalloc-pcre2-static/target/x86_64-unknown-linux-gnu/release-lto/rg 'pub fn' crates/
+ /localdev/gczajkowski/TMPDIR/build-lto-pgo-mimalloc-pcre2-static/target/x86_64-unknown-linux-gnu/release-lto/rg return crates/
+ /localdev/gczajkowski/TMPDIR/build-lto-pgo-mimalloc-pcre2-static/target/x86_64-unknown-linux-gnu/release-lto/rg -i error crates/
+ /localdev/gczajkowski/TMPDIR/build-lto-pgo-mimalloc-pcre2-static/target/x86_64-unknown-linux-gnu/release-lto/rg -i warning crates/
+ /localdev/gczajkowski/TMPDIR/build-lto-pgo-mimalloc-pcre2-static/target/x86_64-unknown-linux-gnu/release-lto/rg -i result crates/
+ /localdev/gczajkowski/TMPDIR/build-lto-pgo-mimalloc-pcre2-static/target/x86_64-unknown-linux-gnu/release-lto/rg -w new crates/
+ /localdev/gczajkowski/TMPDIR/build-lto-pgo-mimalloc-pcre2-static/target/x86_64-unknown-linux-gnu/release-lto/rg -w test crates/
+ /localdev/gczajkowski/TMPDIR/build-lto-pgo-mimalloc-pcre2-static/target/x86_64-unknown-linux-gnu/release-lto/rg -w String crates/
+ /localdev/gczajkowski/TMPDIR/build-lto-pgo-mimalloc-pcre2-static/target/x86_64-unknown-linux-gnu/release-lto/rg 'TODO|FIXME' crates/
+ /localdev/gczajkowski/TMPDIR/build-lto-pgo-mimalloc-pcre2-static/target/x86_64-unknown-linux-gnu/release-lto/rg 'Ok|Err' crates/
+ /localdev/gczajkowski/TMPDIR/build-lto-pgo-mimalloc-pcre2-static/target/x86_64-unknown-linux-gnu/release-lto/rg 'Some|None' crates/
+ /localdev/gczajkowski/TMPDIR/build-lto-pgo-mimalloc-pcre2-static/target/x86_64-unknown-linux-gnu/release-lto/rg '\b[A-Z][a-z]+\b' crates/
+ /localdev/gczajkowski/TMPDIR/build-lto-pgo-mimalloc-pcre2-static/target/x86_64-unknown-linux-gnu/release-lto/rg '[0-9]+' crates/
+ /localdev/gczajkowski/TMPDIR/build-lto-pgo-mimalloc-pcre2-static/target/x86_64-unknown-linux-gnu/release-lto/rg 'fn\s+\w+' crates/
+ /localdev/gczajkowski/TMPDIR/build-lto-pgo-mimalloc-pcre2-static/target/x86_64-unknown-linux-gnu/release-lto/rg 'let.*=.*;' crates/
+ /localdev/gczajkowski/TMPDIR/build-lto-pgo-mimalloc-pcre2-static/target/x86_64-unknown-linux-gnu/release-lto/rg 'if\s+.*\s*{' crates/
+ true
+ /localdev/gczajkowski/TMPDIR/build-lto-pgo-mimalloc-pcre2-static/target/x86_64-unknown-linux-gnu/release-lto/rg 'use ' crates/
+ /localdev/gczajkowski/TMPDIR/build-lto-pgo-mimalloc-pcre2-static/target/x86_64-unknown-linux-gnu/release-lto/rg 'mod ' crates/
+ /localdev/gczajkowski/TMPDIR/build-lto-pgo-mimalloc-pcre2-static/target/x86_64-unknown-linux-gnu/release-lto/rg -P '(?<=fn\s)\w+' crates/
+ /localdev/gczajkowski/TMPDIR/build-lto-pgo-mimalloc-pcre2-static/target/x86_64-unknown-linux-gnu/release-lto/rg -P '\w+(?=\()' crates/
+ echo 'Profiling workload complete'
Profiling workload complete
+ echo 'Step 3/3: Building PGO-optimized binary...'
Step 3/3: Building PGO-optimized binary...
+ llvm-profdata merge -o /localdev/gczajkowski/TMPDIR/build-lto-pgo-mimalloc-pcre2-static/pgo-data/merged.profdata /localdev/gczajkowski/TMPDIR/build-lto-pgo-mimalloc-pcre2-static/pgo-data/default_4626745941970163131_0.profraw
+ echo 'Cleaning previous build artifacts...'
Cleaning previous build artifacts...
+ cargo clean
     Removed 449 files, 118.9MiB total
+ local 'opt_flags=-C link-arg=-fno-stack-protector -C link-arg=-U_FORTIFY_SOURCE -C profile-use=/localdev/gczajkowski/TMPDIR/build-lto-pgo-mimalloc-pcre2-static/pgo-data/merged.profdata -C llvm-args=-pgo-warn-missing-function'
+ [[ -n '' ]]
+ RUSTFLAGS='-C link-arg=-fno-stack-protector -C link-arg=-U_FORTIFY_SOURCE -C profile-use=/localdev/gczajkowski/TMPDIR/build-lto-pgo-mimalloc-pcre2-static/pgo-data/merged.profdata -C llvm-args=-pgo-warn-missing-function'
+ cargo build --target x86_64-unknown-linux-gnu --profile release-lto --features pcre2
   Compiling libc v0.2.177
   Compiling memchr v2.7.6
   Compiling regex-syntax v0.8.8
   Compiling log v0.4.28
   Compiling find-msvc-tools v0.1.4
   Compiling shlex v1.3.0
   Compiling pkg-config v0.3.32
   Compiling serde_core v1.0.228
   Compiling cfg-if v1.0.4
   Compiling crossbeam-utils v0.8.21
   Compiling serde_json v1.0.145
   Compiling serde v1.0.228
   Compiling itoa v1.0.15
   Compiling ryu v1.0.20
   Compiling termcolor v1.4.1
   Compiling same-file v1.0.6
   Compiling anyhow v1.0.100
   Compiling ripgrep v15.1.0 (/proj_soc/user_dev/gczajkowski/ripgrepTT)
   Compiling lexopt v0.3.1
   Compiling textwrap v0.16.2
   Compiling encoding_rs v0.8.35
   Compiling walkdir v2.5.0
   Compiling aho-corasick v1.1.3
   Compiling grep-matcher v0.1.8 (/proj_soc/user_dev/gczajkowski/ripgrepTT/crates/matcher)
   Compiling encoding_rs_io v0.1.7
   Compiling crossbeam-epoch v0.9.18
   Compiling jobserver v0.1.34
   Compiling crossbeam-deque v0.8.6
   Compiling memmap2 v0.9.9
   Compiling cc v1.2.41
   Compiling regex-automata v0.4.13
   Compiling bstr v1.12.0
   Compiling globset v0.4.18 (/proj_soc/user_dev/gczajkowski/ripgrepTT/crates/globset)
   Compiling grep-searcher v0.1.16 (/proj_soc/user_dev/gczajkowski/ripgrepTT/crates/searcher)
   Compiling grep-regex v0.1.14 (/proj_soc/user_dev/gczajkowski/ripgrepTT/crates/regex)
   Compiling grep-cli v0.1.12 (/proj_soc/user_dev/gczajkowski/ripgrepTT/crates/cli)
   Compiling ignore v0.4.25 (/proj_soc/user_dev/gczajkowski/ripgrepTT/crates/ignore)
   Compiling grep-printer v0.3.1 (/proj_soc/user_dev/gczajkowski/ripgrepTT/crates/printer)
   Compiling pcre2-sys v0.2.10
   Compiling pcre2 v0.2.11
   Compiling grep-pcre2 v0.1.9 (/proj_soc/user_dev/gczajkowski/ripgrepTT/crates/pcre2)
   Compiling grep v0.4.1 (/proj_soc/user_dev/gczajkowski/ripgrepTT/crates/grep)
    Finished `release-lto` profile [optimized] target(s) in 1m 12s
++ date +%s
+ local build_end=1771265860
+ local build_time=155
+ local target_dir=/localdev/gczajkowski/TMPDIR/build-lto-pgo-mimalloc-pcre2-static/target
+ local binary_path=/localdev/gczajkowski/TMPDIR/build-lto-pgo-mimalloc-pcre2-static/target/x86_64-unknown-linux-gnu/release-lto/rg
+ [[ ! -f /localdev/gczajkowski/TMPDIR/build-lto-pgo-mimalloc-pcre2-static/target/x86_64-unknown-linux-gnu/release-lto/rg ]]
+ mkdir -p /proj_soc/user_dev/gczajkowski/bin
+ cp /localdev/gczajkowski/TMPDIR/build-lto-pgo-mimalloc-pcre2-static/target/x86_64-unknown-linux-gnu/release-lto/rg /proj_soc/user_dev/gczajkowski/bin/rg-lto-pgo-mimalloc-pcre2-static
+ chmod +x /proj_soc/user_dev/gczajkowski/bin/rg-lto-pgo-mimalloc-pcre2-static
+ inject_allocator_library /proj_soc/user_dev/gczajkowski/bin/rg-lto-pgo-mimalloc-pcre2-static lto-pgo-mimalloc-pcre2-static
+ local binary_path=/proj_soc/user_dev/gczajkowski/bin/rg-lto-pgo-mimalloc-pcre2-static
+ local variant_name=lto-pgo-mimalloc-pcre2-static
+ local allocator=
+ local lib_name=
+ local lib_path=
+ local root_path=
+ [[ lto-pgo-mimalloc-pcre2-static == *\j\e\m\a\l\l\o\c* ]]
+ [[ lto-pgo-mimalloc-pcre2-static == *\m\i\m\a\l\l\o\c* ]]
+ allocator=mimalloc
+ lib_name=libmimalloc.so.2.1
+ lib_path=/tools_soc/opensrc/mimalloc/2.1.7/lib64
+ root_path=/tools_soc/opensrc/mimalloc/2.1.7
+ [[ ! -d /tools_soc/opensrc/mimalloc/2.1.7 ]]
+ echo 'Injecting SOC mimalloc into binary using patchelf...'
Injecting SOC mimalloc into binary using patchelf...
+ patchelf --add-needed libmimalloc.so.2.1 /proj_soc/user_dev/gczajkowski/bin/rg-lto-pgo-mimalloc-pcre2-static
+ patchelf --set-rpath /tools_soc/opensrc/mimalloc/2.1.7/lib64 /proj_soc/user_dev/gczajkowski/bin/rg-lto-pgo-mimalloc-pcre2-static
+ echo -e '\033[0;32m✓ Injected SOC mimalloc: /tools_soc/opensrc/mimalloc/2.1.7\033[0m'
[0;32m✓ Injected SOC mimalloc: /tools_soc/opensrc/mimalloc/2.1.7[0m
+ inject_pcre2_library /proj_soc/user_dev/gczajkowski/bin/rg-lto-pgo-mimalloc-pcre2-static lto-pgo-mimalloc-pcre2-static
+ local binary_path=/proj_soc/user_dev/gczajkowski/bin/rg-lto-pgo-mimalloc-pcre2-static
+ local variant_name=lto-pgo-mimalloc-pcre2-static
+ [[ ! -d /tools_soc/opensrc/pcre2/stable ]]
+ [[ lto-pgo-mimalloc-pcre2-static == *\p\c\r\e\2\-\s\t\a\t\i\c* ]]
+ return 0
++ du -h /proj_soc/user_dev/gczajkowski/bin/rg-lto-pgo-mimalloc-pcre2-static
++ cut -f1
+ local size=4.6M
+ echo -e '\033[0;32m✓ Built successfully\033[0m'
[0;32m✓ Built successfully[0m
+ echo '  Build time: 155s'
  Build time: 155s
+ echo '  Binary size: 4.6M'
  Binary size: 4.6M
+ echo '  Installed: /proj_soc/user_dev/gczajkowski/bin/rg-lto-pgo-mimalloc-pcre2-static'
  Installed: /proj_soc/user_dev/gczajkowski/bin/rg-lto-pgo-mimalloc-pcre2-static
+ echo ''

+ return 0
+ result=0
+ [[ 0 -eq 0 ]]
+ verify_binary lto-pgo-mimalloc-pcre2-static
+ local variant_name=lto-pgo-mimalloc-pcre2-static
+ local binary_path=/proj_soc/user_dev/gczajkowski/bin/rg-lto-pgo-mimalloc-pcre2-static
+ [[ ! -f /proj_soc/user_dev/gczajkowski/bin/rg-lto-pgo-mimalloc-pcre2-static ]]
+ /proj_soc/user_dev/gczajkowski/bin/rg-lto-pgo-mimalloc-pcre2-static --version
+ echo -e '\033[0;32m✓ Binary execution test passed\033[0m'
[0;32m✓ Binary execution test passed[0m
+ verify_binary_features /proj_soc/user_dev/gczajkowski/bin/rg-lto-pgo-mimalloc-pcre2-static lto-pgo-mimalloc-pcre2-static
+ local binary_path=/proj_soc/user_dev/gczajkowski/bin/rg-lto-pgo-mimalloc-pcre2-static
+ local variant_name=lto-pgo-mimalloc-pcre2-static
+ echo ''

+ echo $'\342\224\201\342\224\201\342\224\201\342\224\201\342\224\201\342\224\201\342\224\201\342\224\201\342\224\201\342\224\201\342\224\201\342\224\201\342\224\201\342\224\201\342\224\201\342\224\201\342\224\201\342\224\201\342\224\201\342\224\201\342\224\201\342\224\201\342\224\201\342\224\201\342\224\201\342\224\201\342\224\201\342\224\201\342\224\201\342\224\201\342\224\201\342\224\201\342\224\201\342\224\201\342\224\201\342\224\201\342\224\201\342\224\201\342\224\201\342\224\201\342\224\201\342\224\201\342\224\201\342\224\201\342\224\201\342\224\201\342\224\201\342\224\201\342\224\201\342\224\201\342\224\201\342\224\201\342\224\201\342\224\201\342\224\201\342\224\201\342\224\201\342\224\201'
━━━━━━━━━━━━━━━━━━━━━━━━━━━━━━━━━━━━━━━━━━━━━━━━━━━━━━━━━━
+ echo 'BINARY FEATURE VERIFICATION: lto-pgo-mimalloc-pcre2-static'
BINARY FEATURE VERIFICATION: lto-pgo-mimalloc-pcre2-static
+ echo $'\342\224\201\342\224\201\342\224\201\342\224\201\342\224\201\342\224\201\342\224\201\342\224\201\342\224\201\342\224\201\342\224\201\342\224\201\342\224\201\342\224\201\342\224\201\342\224\201\342\224\201\342\224\201\342\224\201\342\224\201\342\224\201\342\224\201\342\224\201\342\224\201\342\224\201\342\224\201\342\224\201\342\224\201\342\224\201\342\224\201\342\224\201\342\224\201\342\224\201\342\224\201\342\224\201\342\224\201\342\224\201\342\224\201\342\224\201\342\224\201\342\224\201\342\224\201\342\224\201\342\224\201\342\224\201\342\224\201\342\224\201\342\224\201\342\224\201\342\224\201\342\224\201\342\224\201\342\224\201\342\224\201\342\224\201\342\224\201\342\224\201\342\224\201'
━━━━━━━━━━━━━━━━━━━━━━━━━━━━━━━━━━━━━━━━━━━━━━━━━━━━━━━━━━
+ echo ''

+ [[ ! -f /proj_soc/user_dev/gczajkowski/bin/rg-lto-pgo-mimalloc-pcre2-static ]]
+ local errors=0
+ echo '=== Basic Properties ==='
=== Basic Properties ===
++ file /proj_soc/user_dev/gczajkowski/bin/rg-lto-pgo-mimalloc-pcre2-static
+ local 'file_output=/proj_soc/user_dev/gczajkowski/bin/rg-lto-pgo-mimalloc-pcre2-static: ELF 64-bit LSB shared object, x86-64, version 1 (SYSV), dynamically linked, interpreter /lib64/ld-linux-x86-64.so.2, for GNU/Linux 3.2.0, BuildID[sha1]=2246db9c73785a2d0d1095e1e51f2cac519dfb4a, stripped'
+ echo 'File type: /proj_soc/user_dev/gczajkowski/bin/rg-lto-pgo-mimalloc-pcre2-static: ELF 64-bit LSB shared object, x86-64, version 1 (SYSV), dynamically linked, interpreter /lib64/ld-linux-x86-64.so.2, for GNU/Linux 3.2.0, BuildID[sha1]=2246db9c73785a2d0d1095e1e51f2cac519dfb4a, stripped'
File type: /proj_soc/user_dev/gczajkowski/bin/rg-lto-pgo-mimalloc-pcre2-static: ELF 64-bit LSB shared object, x86-64, version 1 (SYSV), dynamically linked, interpreter /lib64/ld-linux-x86-64.so.2, for GNU/Linux 3.2.0, BuildID[sha1]=2246db9c73785a2d0d1095e1e51f2cac519dfb4a, stripped
+ [[ /proj_soc/user_dev/gczajkowski/bin/rg-lto-pgo-mimalloc-pcre2-static: ELF 64-bit LSB shared object, x86-64, version 1 (SYSV), dynamically linked, interpreter /lib64/ld-linux-x86-64.so.2, for GNU/Linux 3.2.0, BuildID[sha1]=2246db9c73785a2d0d1095e1e51f2cac519dfb4a, stripped == *\s\t\r\i\p\p\e\d* ]]
+ echo '✓ Binary is stripped'
✓ Binary is stripped
+ echo ''

+ echo '=== C Library ==='
=== C Library ===
+ [[ lto-pgo-mimalloc-pcre2-static == *\m\u\s\l* ]]
+ ldd /proj_soc/user_dev/gczajkowski/bin/rg-lto-pgo-mimalloc-pcre2-static
+ grep -qE 'libc\.so\.'
+ readelf -d /proj_soc/user_dev/gczajkowski/bin/rg-lto-pgo-mimalloc-pcre2-static
+ grep -q 'libc\.so'
+ echo '✓ GLIBC: Dynamically linked (verified via readelf)'
✓ GLIBC: Dynamically linked (verified via readelf)
++ grep 'libc\.so'
++ readelf -d /proj_soc/user_dev/gczajkowski/bin/rg-lto-pgo-mimalloc-pcre2-static
++ sed -n 's/.*\[libc\.so\.[0-9]*\].*/libc.so/p'
++ head -1
+ local libc_lib=libc.so
+ echo '  → libc.so (ldd unavailable, likely BOLT binary)'
  → libc.so (ldd unavailable, likely BOLT binary)
+ echo ''

+ echo '=== CPU Target ==='
=== CPU Target ===
+ [[ lto-pgo-mimalloc-pcre2-static == *\-\v\3* ]]
+ echo '✓ x86-64: Standard target (baseline)'
✓ x86-64: Standard target (baseline)
+ echo ''

+ echo '=== Link-Time Optimization ==='
=== Link-Time Optimization ===
+ [[ lto-pgo-mimalloc-pcre2-static == *\l\t\o\-\t\h\i\n* ]]
+ [[ lto-pgo-mimalloc-pcre2-static == *\l\t\o* ]]
+ echo '✓ LTO Fat: Expected (build used release-lto profile)'
✓ LTO Fat: Expected (build used release-lto profile)
+ echo ''

+ echo '=== Profile-Guided Optimization ==='
=== Profile-Guided Optimization ===
+ [[ lto-pgo-mimalloc-pcre2-static == *\p\g\o* ]]
+ echo '✓ PGO: Binary built with profile-guided optimization'
✓ PGO: Binary built with profile-guided optimization
+ echo ''

+ echo '=== BOLT Optimization ==='
=== BOLT Optimization ===
+ [[ lto-pgo-mimalloc-pcre2-static == *\b\o\l\t* ]]
+ echo '• BOLT: Not used'
• BOLT: Not used
+ echo ''

+ echo '=== PCRE2 Library ==='
=== PCRE2 Library ===
+ local has_pcre2_dynamic=false
+ grep -q libpcre2
+ ldd /proj_soc/user_dev/gczajkowski/bin/rg-lto-pgo-mimalloc-pcre2-static
+ readelf -d /proj_soc/user_dev/gczajkowski/bin/rg-lto-pgo-mimalloc-pcre2-static
+ grep -q libpcre2
+ [[ false == \t\r\u\e ]]
+ [[ lto-pgo-mimalloc-pcre2-static == *\p\c\r\e\2\-\s\t\a\t\i\c* ]]
+ echo '✓ PCRE2 Static: Correctly embedded'
✓ PCRE2 Static: Correctly embedded
+ echo ''

+ echo '=== Memory Allocator ==='
=== Memory Allocator ===
++ ldd /proj_soc/user_dev/gczajkowski/bin/rg-lto-pgo-mimalloc-pcre2-static
+ local 'ldd_output=	linux-vdso.so.1 (0x00007ffee0b8a000)
	libmimalloc.so.2.1 => /tools_soc/opensrc/mimalloc/2.1.7/lib64/libmimalloc.so.2.1 (0x00007fdf32776000)
	libgcc_s.so.1 => /lib64/libgcc_s.so.1 (0x00007fdf31ef8000)
	libpthread.so.0 => /lib64/libpthread.so.0 (0x00007fdf31cd8000)
	libdl.so.2 => /lib64/libdl.so.2 (0x00007fdf31ad4000)
	libc.so.6 => /lib64/libc.so.6 (0x00007fdf316fd000)
	librt.so.1 => /lib64/librt.so.1 (0x00007fdf314f5000)
	/lib64/ld-linux-x86-64.so.2 (0x00007fdf325a1000)'
++ readelf -d /proj_soc/user_dev/gczajkowski/bin/rg-lto-pgo-mimalloc-pcre2-static
+ local 'readelf_output=
Dynamic section at offset 0x48e7e8 contains 32 entries:
  Tag        Type                         Name/Value
 0x000000000000001d (RUNPATH)            Library runpath: [/tools_soc/opensrc/mimalloc/2.1.7/lib64]
 0x0000000000000001 (NEEDED)             Shared library: [libmimalloc.so.2.1]
 0x0000000000000001 (NEEDED)             Shared library: [libgcc_s.so.1]
 0x0000000000000001 (NEEDED)             Shared library: [libpthread.so.0]
 0x0000000000000001 (NEEDED)             Shared library: [libdl.so.2]
 0x0000000000000001 (NEEDED)             Shared library: [libc.so.6]
 0x000000000000001e (FLAGS)              BIND_NOW
 0x000000006ffffffb (FLAGS_1)            Flags: NOW PIE
 0x0000000000000015 (DEBUG)              0x0
 0x0000000000000007 (RELA)               0x1a20
 0x0000000000000008 (RELASZ)             294048 (bytes)
 0x0000000000000009 (RELAENT)            24 (bytes)
 0x000000006ffffff9 (RELACOUNT)          12129
 0x0000000000000017 (JMPREL)             0x496c0
 0x0000000000000002 (PLTRELSZ)           504 (bytes)
 0x0000000000000003 (PLTGOT)             0x48b998
 0x0000000000000014 (PLTREL)             RELA
 0x0000000000000006 (SYMTAB)             0x48e068
 0x000000000000000b (SYMENT)             24 (bytes)
 0x0000000000000005 (STRTAB)             0x490000
 0x000000000000000a (STRSZ)              2021 (bytes)
 0x000000006ffffef5 (GNU_HASH)           0x1258
 0x0000000000000019 (INIT_ARRAY)         0x48b300
 0x000000000000001b (INIT_ARRAYSZ)       16 (bytes)
 0x000000000000001a (FINI_ARRAY)         0x48b2f8
 0x000000000000001c (FINI_ARRAYSZ)       8 (bytes)
 0x000000000000000c (INIT)               0x455714
 0x000000000000000d (FINI)               0x455730
 0x000000006ffffff0 (VERSYM)             0xfe8
 0x000000006ffffffe (VERNEED)            0x10f8
 0x000000006fffffff (VERNEEDNUM)         4
 0x0000000000000000 (NULL)               0x0'
+ [[ lto-pgo-mimalloc-pcre2-static == *\j\e\m\a\l\l\o\c* ]]
+ [[ lto-pgo-mimalloc-pcre2-static == *\m\i\m\a\l\l\o\c* ]]
+ local has_mimalloc=false
+ local mimalloc_path=
+ grep -q libmimalloc.so
+ echo '	linux-vdso.so.1 (0x00007ffee0b8a000)
	libmimalloc.so.2.1 => /tools_soc/opensrc/mimalloc/2.1.7/lib64/libmimalloc.so.2.1 (0x00007fdf32776000)
	libgcc_s.so.1 => /lib64/libgcc_s.so.1 (0x00007fdf31ef8000)
	libpthread.so.0 => /lib64/libpthread.so.0 (0x00007fdf31cd8000)
	libdl.so.2 => /lib64/libdl.so.2 (0x00007fdf31ad4000)
	libc.so.6 => /lib64/libc.so.6 (0x00007fdf316fd000)
	librt.so.1 => /lib64/librt.so.1 (0x00007fdf314f5000)
	/lib64/ld-linux-x86-64.so.2 (0x00007fdf325a1000)'
+ has_mimalloc=true
++ echo '	linux-vdso.so.1 (0x00007ffee0b8a000)
	libmimalloc.so.2.1 => /tools_soc/opensrc/mimalloc/2.1.7/lib64/libmimalloc.so.2.1 (0x00007fdf32776000)
	libgcc_s.so.1 => /lib64/libgcc_s.so.1 (0x00007fdf31ef8000)
	libpthread.so.0 => /lib64/libpthread.so.0 (0x00007fdf31cd8000)
	libdl.so.2 => /lib64/libdl.so.2 (0x00007fdf31ad4000)
	libc.so.6 => /lib64/libc.so.6 (0x00007fdf316fd000)
	librt.so.1 => /lib64/librt.so.1 (0x00007fdf314f5000)
	/lib64/ld-linux-x86-64.so.2 (0x00007fdf325a1000)'
++ grep libmimalloc
++ awk '{print $3}'
+ mimalloc_path=/tools_soc/opensrc/mimalloc/2.1.7/lib64/libmimalloc.so.2.1
+ [[ true == \t\r\u\e ]]
+ echo '✓ mimalloc: Dynamically linked'
✓ mimalloc: Dynamically linked
+ echo '  → /tools_soc/opensrc/mimalloc/2.1.7/lib64/libmimalloc.so.2.1'
  → /tools_soc/opensrc/mimalloc/2.1.7/lib64/libmimalloc.so.2.1
+ [[ /tools_soc/opensrc/mimalloc/2.1.7/lib64/libmimalloc.so.2.1 == *\/\t\o\o\l\s\_\s\o\c\/\o\p\e\n\s\r\c\/\m\i\m\a\l\l\o\c* ]]
+ echo '  ✓ Using SOC mimalloc library'
  ✓ Using SOC mimalloc library
+ echo ''

+ echo $'\342\224\201\342\224\201\342\224\201\342\224\201\342\224\201\342\224\201\342\224\201\342\224\201\342\224\201\342\224\201\342\224\201\342\224\201\342\224\201\342\224\201\342\224\201\342\224\201\342\224\201\342\224\201\342\224\201\342\224\201\342\224\201\342\224\201\342\224\201\342\224\201\342\224\201\342\224\201\342\224\201\342\224\201\342\224\201\342\224\201\342\224\201\342\224\201\342\224\201\342\224\201\342\224\201\342\224\201\342\224\201\342\224\201\342\224\201\342\224\201\342\224\201\342\224\201\342\224\201\342\224\201\342\224\201\342\224\201\342\224\201\342\224\201\342\224\201\342\224\201\342\224\201\342\224\201\342\224\201\342\224\201\342\224\201\342\224\201\342\224\201\342\224\201'
━━━━━━━━━━━━━━━━━━━━━━━━━━━━━━━━━━━━━━━━━━━━━━━━━━━━━━━━━━
+ [[ 0 -eq 0 ]]
+ echo -e '\033[0;32m✓ VERIFICATION PASSED\033[0m'
[0;32m✓ VERIFICATION PASSED[0m
+ echo $'\342\224\201\342\224\201\342\224\201\342\224\201\342\224\201\342\224\201\342\224\201\342\224\201\342\224\201\342\224\201\342\224\201\342\224\201\342\224\201\342\224\201\342\224\201\342\224\201\342\224\201\342\224\201\342\224\201\342\224\201\342\224\201\342\224\201\342\224\201\342\224\201\342\224\201\342\224\201\342\224\201\342\224\201\342\224\201\342\224\201\342\224\201\342\224\201\342\224\201\342\224\201\342\224\201\342\224\201\342\224\201\342\224\201\342\224\201\342\224\201\342\224\201\342\224\201\342\224\201\342\224\201\342\224\201\342\224\201\342\224\201\342\224\201\342\224\201\342\224\201\342\224\201\342\224\201\342\224\201\342\224\201\342\224\201\342\224\201\342\224\201\342\224\201'
━━━━━━━━━━━━━━━━━━━━━━━━━━━━━━━━━━━━━━━━━━━━━━━━━━━━━━━━━━
+ echo ''

+ return 0
+ return 0
+ result=0
+ [[ -n /proj_soc/user_dev/gczajkowski/ripgrepTT/tt/build-logs/lto-pgo-mimalloc-pcre2-static/build-20260216-131504 ]]
+ print_build_environment
+ echo 'Post-build environment: /proj_soc/user_dev/gczajkowski/ripgrepTT/tt/build-logs/lto-pgo-mimalloc-pcre2-static/build-20260216-131504.postenv'
Post-build environment: /proj_soc/user_dev/gczajkowski/ripgrepTT/tt/build-logs/lto-pgo-mimalloc-pcre2-static/build-20260216-131504.postenv
+ [[ -d /localdev/gczajkowski/TMPDIR/build-lto-pgo-mimalloc-pcre2-static ]]
+ rm -rf /localdev/gczajkowski/TMPDIR/build-lto-pgo-mimalloc-pcre2-static
+ return 0
